\BOOKMARK [0][]{section*.1}{\376\377\000L\000i\000s\000t\000\040\000o\000f\000\040\000F\000i\000g\000u\000r\000e\000s}{}% 1
\BOOKMARK [0][]{section*.2}{\376\377\000L\000i\000s\000t\000\040\000o\000f\000\040\000T\000a\000b\000l\000e\000s}{}% 2
\BOOKMARK [0][]{chapter.1}{\376\377\000I\000n\000t\000r\000o\000d\000u\000c\000t\000i\000o\000n}{}% 3
\BOOKMARK [0][]{chapter.2}{\376\377\000B\000a\000c\000k\000g\000r\000o\000u\000n\000d}{}% 4
\BOOKMARK [1][]{section.2.1}{\376\377\000M\000a\000l\000w\000a\000r\000e}{chapter.2}% 5
\BOOKMARK [2][]{subsection.2.1.1}{\376\377\000W\000h\000y\000\040\000i\000s\000\040\000M\000a\000l\000w\000a\000r\000e\000\040\000u\000s\000e\000d}{section.2.1}% 6
\BOOKMARK [2][]{subsection.2.1.2}{\376\377\000C\000o\000m\000m\000o\000n\000\040\000M\000a\000l\000w\000a\000r\000e\000\040\000t\000y\000p\000e\000s}{section.2.1}% 7
\BOOKMARK [1][]{section.2.2}{\376\377\000D\000e\000t\000e\000c\000t\000i\000o\000n\000\040\000e\000v\000a\000s\000i\000o\000n}{chapter.2}% 8
\BOOKMARK [2][]{subsection.2.2.1}{\376\377\000R\000e\000v\000e\000r\000s\000e\000-\000E\000n\000g\000i\000n\000e\000e\000r\000i\000n\000g}{section.2.2}% 9
\BOOKMARK [2][]{subsection.2.2.2}{\376\377\000M\000a\000l\000w\000a\000r\000e\000\040\000a\000n\000a\000l\000y\000s\000i\000s}{section.2.2}% 10
\BOOKMARK [2][]{subsection.2.2.3}{\376\377\000A\000n\000t\000i\000-\000r\000e\000v\000e\000r\000s\000i\000n\000g}{section.2.2}% 11
\BOOKMARK [2][]{subsection.2.2.4}{\376\377\000A\000n\000t\000i\000-\000d\000i\000s\000a\000s\000s\000e\000m\000b\000l\000y}{section.2.2}% 12
\BOOKMARK [2][]{subsection.2.2.5}{\376\377\000A\000n\000t\000i\000-\000d\000e\000b\000u\000g\000g\000i\000n\000g}{section.2.2}% 13
\BOOKMARK [2][]{subsection.2.2.6}{\376\377\000A\000n\000t\000i\000-\000v\000i\000r\000t\000u\000a\000l\000\040\000m\000a\000c\000h\000i\000n\000e}{section.2.2}% 14
\BOOKMARK [2][]{subsection.2.2.7}{\376\377\000P\000a\000c\000k\000e\000r\000s\000\040\000a\000n\000d\000\040\000u\000n\000p\000a\000c\000k\000i\000n\000g}{section.2.2}% 15
\BOOKMARK [2][]{subsection.2.2.8}{\376\377\000C\000o\000d\000e\000\040\000O\000b\000f\000u\000s\000c\000a\000t\000i\000o\000n}{section.2.2}% 16
\BOOKMARK [2][]{subsection.2.2.9}{\376\377\000O\000b\000f\000u\000s\000c\000a\000t\000e\000d\000\040\000M\000a\000l\000w\000a\000r\000e}{section.2.2}% 17
\BOOKMARK [0][]{chapter.3}{\376\377\000D\000e\000t\000e\000c\000t\000i\000o\000n\000\040\000T\000e\000c\000h\000n\000i\000q\000u\000e\000s}{}% 18
\BOOKMARK [1][]{section.3.1}{\376\377\000I\000n\000t\000e\000g\000r\000i\000t\000y\000\040\000C\000h\000e\000c\000k\000e\000r}{chapter.3}% 19
\BOOKMARK [1][]{section.3.2}{\376\377\000S\000i\000g\000n\000a\000t\000u\000r\000e\000-\000b\000a\000s\000e\000d\000\040\000D\000e\000t\000e\000c\000t\000i\000o\000n}{chapter.3}% 20
\BOOKMARK [2][]{subsection.3.2.1}{\376\377\000Y\000a\000r\000a\000\040\000R\000u\000l\000e\000s}{section.3.2}% 21
\BOOKMARK [1][]{section.3.3}{\376\377\000S\000e\000m\000a\000n\000t\000i\000c\000\040\000B\000a\000s\000e\000d\000\040\000D\000e\000t\000e\000c\000t\000i\000o\000n}{chapter.3}% 22
\BOOKMARK [1][]{section.3.4}{\376\377\000B\000e\000h\000a\000v\000i\000o\000u\000r\000a\000l\000\040\000B\000a\000s\000e\000d\000\040\000D\000e\000t\000e\000c\000t\000i\000o\000n}{chapter.3}% 23
\BOOKMARK [1][]{section.3.5}{\376\377\000H\000e\000u\000r\000i\000s\000t\000i\000c\000s\000-\000b\000a\000s\000e\000d\000\040\000D\000e\000t\000e\000c\000t\000i\000o\000n}{chapter.3}% 24
\BOOKMARK [1][]{section.3.6}{\376\377\000M\000a\000c\000h\000i\000n\000e\000\040\000L\000e\000a\000r\000n\000i\000n\000g}{chapter.3}% 25
\BOOKMARK [2][]{subsection.3.6.1}{\376\377\000A\000L\000O\000H\000A\000:\000\040\000A\000u\000x\000i\000l\000i\000a\000r\000y\000\040\000L\000o\000s\000s\000\040\000O\000p\000t\000i\000m\000i\000z\000a\000t\000i\000o\000n\000\040\000f\000o\000r\000\040\000H\000y\000p\000o\000t\000h\000e\000s\000i\000s\000\040\000A\000u\000g\000m\000e\000n\000t\000a\000t\000i\000o\000n}{section.3.6}% 26
\BOOKMARK [2][]{subsection.3.6.2}{\376\377\000A\000u\000t\000o\000m\000a\000t\000i\000c\000\040\000M\000a\000l\000w\000a\000r\000e\000\040\000D\000e\000s\000c\000r\000i\000p\000t\000i\000o\000n\000\040\000v\000i\000a\000\040\000A\000t\000t\000r\000i\000b\000u\000t\000e\000\040\000T\000a\000g\000g\000i\000n\000g\000\040\000a\000n\000d\000\040\000S\000i\000m\000i\000l\000a\000r\000i\000t\000y\000\040\000E\000m\000b\000e\000d\000d\000i\000n\000g}{section.3.6}% 27
\BOOKMARK [2][]{subsection.3.6.3}{\376\377\000L\000e\000a\000r\000n\000i\000n\000g\000\040\000f\000r\000o\000m\000\040\000C\000o\000n\000t\000e\000x\000t\000:\000\040\000E\000x\000p\000l\000o\000i\000t\000i\000n\000g\000\040\000a\000n\000d\000\040\000I\000n\000t\000e\000r\000p\000r\000e\000t\000i\000n\000g\000\040\000F\000i\000l\000e\000\040\000P\000a\000t\000h\000\040\000I\000n\000f\000o\000r\000m\000a\000t\000i\000o\000n\000\040\000f\000o\000r\000\040\000B\000e\000t\000t\000e\000r\000\040\000M\000a\000l\000w\000a\000r\000e\000\040\000D\000e\000t\000e\000c\000t\000i\000o\000n}{section.3.6}% 28
\BOOKMARK [1][]{section.3.7}{\376\377\000M\000a\000l\000w\000a\000r\000e\000\040\000N\000o\000r\000m\000a\000l\000i\000z\000a\000t\000i\000o\000n}{chapter.3}% 29
\BOOKMARK [0][]{chapter.4}{\376\377\000W\000o\000r\000k\000f\000l\000o\000w\000\040\000a\000n\000d\000\040\000D\000a\000t\000a\000s\000e\000t\000s\000\040\000u\000s\000e\000d}{}% 30
\BOOKMARK [1][]{section.4.1}{\376\377\000S\000o\000r\000e\000l\000\040\0002\0000\000M\000\040\000D\000a\000t\000a\000s\000e\000t}{chapter.4}% 31
\BOOKMARK [2][]{subsection.4.1.1}{\376\377\000S\000o\000r\000e\000l\000\040\0002\0000\000M\000\040\000D\000a\000t\000a\000s\000e\000t\000\040\000D\000e\000s\000c\000r\000i\000p\000t\000i\000o\000n}{section.4.1}% 32
\BOOKMARK [2][]{subsection.4.1.2}{\376\377\000E\000m\000b\000e\000r\000\040\000F\000e\000a\000t\000u\000r\000e\000s}{section.4.1}% 33
\BOOKMARK [2][]{subsection.4.1.3}{\376\377\000I\000m\000p\000r\000o\000v\000i\000n\000g\000\040\000t\000h\000e\000\040\000D\000a\000t\000a\000s\000e\000t\000\040\000L\000o\000a\000d\000i\000n\000g\000\040\000S\000p\000e\000e\000d}{section.4.1}% 34
\BOOKMARK [1][]{section.4.2}{\376\377\000F\000r\000e\000s\000h\000\040\000D\000a\000t\000a\000s\000e\000t}{chapter.4}% 35
\BOOKMARK [2][]{subsection.4.2.1}{\376\377\000F\000r\000e\000s\000h\000\040\000D\000a\000t\000a\000s\000e\000t\000\040\000G\000e\000n\000e\000r\000a\000t\000o\000r\000\040\000\050\000D\000a\000t\000a\000l\000o\000a\000d\000e\000r\000\051\000\040\000i\000m\000p\000l\000e\000m\000e\000n\000t\000a\000t\000i\000o\000n}{section.4.2}% 36
\BOOKMARK [2][]{subsection.4.2.2}{\376\377\000B\000a\000s\000e\000\040\000M\000o\000d\000e\000l\000\040\000E\000v\000a\000l\000u\000a\000t\000i\000o\000n\000\040\000w\000i\000t\000h\000\040\000F\000r\000e\000s\000h\000\040\000D\000a\000t\000a\000s\000e\000t}{section.4.2}% 37
\BOOKMARK [2][]{subsection.4.2.3}{\376\377\000F\000a\000m\000i\000l\000y\000\040\000C\000l\000a\000s\000s\000i\000f\000i\000e\000r\000\040\000T\000r\000a\000i\000n\000i\000n\000g\000\040\000a\000n\000d\000\040\000E\000v\000a\000l\000u\000a\000t\000i\000o\000n}{section.4.2}% 38
\BOOKMARK [0][]{chapter.5}{\376\377\000P\000r\000e\000v\000i\000o\000u\000s\000\040\000M\000e\000t\000h\000o\000d\000s}{}% 39
\BOOKMARK [1][]{section.5.1}{\376\377\000I\000m\000p\000l\000e\000m\000e\000n\000t\000a\000t\000i\000o\000n}{chapter.5}% 40
\BOOKMARK [2][]{subsection.5.1.1}{\376\377\000A\000L\000O\000H\000A\000\040\000m\000o\000d\000e\000l}{section.5.1}% 41
\BOOKMARK [2][]{subsection.5.1.2}{\376\377\000J\000o\000i\000n\000t\000\040\000E\000m\000b\000e\000d\000d\000i\000n\000g}{section.5.1}% 42
\BOOKMARK [1][]{section.5.2}{\376\377\000E\000x\000p\000e\000r\000i\000m\000e\000n\000t\000s}{chapter.5}% 43
\BOOKMARK [1][]{section.5.3}{\376\377\000T\000r\000a\000i\000n\000i\000n\000g\000\040\000a\000n\000d\000\040\000E\000v\000a\000l\000u\000a\000t\000i\000o\000n\000\040\000a\000l\000g\000o\000r\000i\000t\000h\000m\000s}{chapter.5}% 44
\BOOKMARK [2][]{subsection.5.3.1}{\376\377\000T\000r\000a\000i\000n\000i\000n\000g}{section.5.3}% 45
\BOOKMARK [2][]{subsection.5.3.2}{\376\377\000E\000v\000a\000l\000u\000a\000t\000i\000o\000n}{section.5.3}% 46
\BOOKMARK [2][]{subsection.5.3.3}{\376\377\000R\000e\000s\000u\000l\000t\000s\000\040\000C\000o\000m\000p\000u\000t\000a\000t\000i\000o\000n\000\040\000a\000n\000d\000\040\000p\000l\000o\000t\000t\000i\000n\000g}{section.5.3}% 47
\BOOKMARK [0][]{chapter.6}{\376\377\000P\000r\000o\000p\000o\000s\000e\000d\000\040\000M\000o\000d\000e\000l\000s}{}% 48
\BOOKMARK [1][]{section.6.1}{\376\377\000M\000a\000l\000w\000a\000r\000e\000\040\000D\000e\000t\000e\000c\000t\000i\000o\000n\000\040\000a\000n\000d\000\040\000D\000e\000s\000c\000r\000i\000p\000t\000i\000o\000n\000\040\000v\000i\000a\000\040\000S\000M\000A\000R\000T\000\040\000t\000a\000g\000s\000\040\000M\000o\000d\000e\000l}{chapter.6}% 49
\BOOKMARK [2][]{subsection.6.1.1}{\376\377\000I\000m\000p\000l\000e\000m\000e\000n\000t\000a\000t\000i\000o\000n}{section.6.1}% 50
\BOOKMARK [2][]{subsection.6.1.2}{\376\377\000E\000x\000p\000e\000r\000i\000m\000e\000n\000t\000s}{section.6.1}% 51
\BOOKMARK [2][]{subsection.6.1.3}{\376\377\000T\000r\000a\000i\000n\000i\000n\000g\000\040\000a\000n\000d\000\040\000E\000v\000a\000l\000u\000a\000t\000i\000o\000n\000\040\000a\000l\000g\000o\000r\000i\000t\000h\000m\000s}{section.6.1}% 52
\BOOKMARK [2][]{subsection.6.1.4}{\376\377\000E\000v\000a\000l\000u\000a\000t\000e\000\040\000F\000r\000e\000s\000h\000\040\000a\000l\000g\000o\000r\000i\000t\000h\000m}{section.6.1}% 53
\BOOKMARK [1][]{section.6.2}{\376\377\000M\000a\000l\000w\000a\000r\000e\000\040\000F\000a\000m\000i\000l\000y\000\040\000C\000l\000a\000s\000s\000i\000f\000i\000e\000r}{chapter.6}% 54
\BOOKMARK [2][]{subsection.6.2.1}{\376\377\000I\000m\000p\000l\000e\000m\000e\000n\000t\000a\000t\000i\000o\000n}{section.6.2}% 55
\BOOKMARK [2][]{subsection.6.2.2}{\376\377\000E\000x\000p\000e\000r\000i\000m\000e\000n\000t\000s}{section.6.2}% 56
\BOOKMARK [2][]{subsection.6.2.3}{\376\377\000F\000a\000m\000i\000l\000y\000\040\000C\000l\000a\000s\000s\000i\000f\000i\000e\000r\000\040\000T\000r\000a\000i\000n\000i\000n\000g\000\040\000a\000n\000d\000\040\000E\000v\000a\000l\000u\000a\000t\000i\000o\000n\000\040\000a\000l\000g\000o\000r\000i\000t\000h\000m\000s}{section.6.2}% 57
\BOOKMARK [0][]{chapter.7}{\376\377\000R\000e\000s\000u\000l\000t\000s}{}% 58
\BOOKMARK [1][]{section.7.1}{\376\377\000M\000a\000l\000w\000a\000r\000e\000\040\000D\000e\000t\000e\000c\000t\000i\000o\000n\000\040\000r\000e\000s\000u\000l\000t\000s}{chapter.7}% 59
\BOOKMARK [2][]{subsection.7.1.1}{\376\377\000S\000u\000m\000m\000a\000r\000y}{section.7.1}% 60
\BOOKMARK [2][]{subsection.7.1.2}{\376\377\000C\000o\000m\000m\000e\000n\000t\000s}{section.7.1}% 61
\BOOKMARK [1][]{section.7.2}{\376\377\000M\000a\000l\000w\000a\000r\000e\000\040\000D\000e\000s\000c\000r\000i\000p\000t\000i\000o\000n\000\040\000v\000i\000a\000\040\000S\000M\000A\000R\000T\000\040\000t\000a\000g\000s\000\040\000r\000e\000s\000u\000l\000t\000s}{chapter.7}% 62
\BOOKMARK [2][]{subsection.7.2.1}{\376\377\000M\000e\000a\000n\000\040\000p\000e\000r\000-\000s\000a\000m\000p\000l\000e\000\040\000t\000a\000g\000g\000i\000n\000g\000\040\000s\000c\000o\000r\000e\000s}{section.7.2}% 63
\BOOKMARK [2][]{subsection.7.2.2}{\376\377\000C\000o\000m\000m\000e\000n\000t\000s}{section.7.2}% 64
\BOOKMARK [1][]{section.7.3}{\376\377\000F\000a\000m\000i\000l\000y\000\040\000P\000r\000e\000d\000i\000c\000t\000i\000o\000n\000\040\000a\000n\000d\000\040\000R\000a\000n\000k\000i\000n\000g\000\040\000E\000v\000a\000l\000u\000a\000t\000i\000o\000n}{chapter.7}% 65
\BOOKMARK [2][]{subsection.7.3.1}{\376\377\000E\000x\000a\000m\000p\000l\000e\000\040\000r\000a\000n\000k\000i\000n\000g\000s}{section.7.3}% 66
\BOOKMARK [2][]{subsection.7.3.2}{\376\377\000C\000o\000m\000m\000e\000n\000t\000s}{section.7.3}% 67
\BOOKMARK [1][]{section.7.4}{\376\377\000F\000a\000m\000i\000l\000y\000\040\000C\000l\000a\000s\000s\000i\000f\000i\000c\000a\000t\000i\000o\000n\000\040\000R\000e\000s\000u\000l\000t\000s}{chapter.7}% 68
\BOOKMARK [2][]{subsection.7.4.1}{\376\377\000C\000o\000m\000m\000e\000n\000t\000s}{section.7.4}% 69
\BOOKMARK [2][]{subsection.7.4.2}{\376\377\000F\000a\000m\000i\000l\000i\000e\000s\000\040\000s\000t\000u\000d\000y}{section.7.4}% 70
\BOOKMARK [1][]{section.7.5}{\376\377\000C\000o\000m\000p\000u\000t\000a\000t\000i\000o\000n\000\040\000T\000i\000m\000e}{chapter.7}% 71
\BOOKMARK [0][]{chapter.8}{\376\377\000C\000o\000n\000c\000l\000u\000s\000i\000o\000n\000s}{}% 72
\BOOKMARK [1][]{section.8.1}{\376\377\000F\000u\000t\000u\000r\000e\000\040\000W\000o\000r\000k}{chapter.8}% 73
\BOOKMARK [0][]{section.8.1}{\376\377\000B\000i\000b\000l\000i\000o\000g\000r\000a\000p\000h\000y}{}% 74
